[0.005s] Invoking command in '/home/user/my_project/color-follower-ros2/src/build/mobile_world': CMAKE_PREFIX_PATH=${CMAKE_PREFIX_PATH}:/opt/ros/jazzy DEBUGINFOD_URLS=https://debuginfod.ubuntu.com /usr/bin/cmake /home/user/my_project/color-follower-ros2/src/mobile_world -DCMAKE_INSTALL_PREFIX=/home/user/my_project/color-follower-ros2/src/install/mobile_world
[0.238s] -- The C compiler identification is GNU 13.3.0
[0.366s] -- The CXX compiler identification is GNU 13.3.0
[0.398s] -- Detecting C compiler ABI info
[0.545s] -- Detecting C compiler ABI info - done
[0.557s] -- Check for working C compiler: /usr/bin/cc - skipped
[0.558s] -- Detecting C compile features
[0.558s] -- Detecting C compile features - done
[0.565s] -- Detecting CXX compiler ABI info
[0.672s] -- Detecting CXX compiler ABI info - done
[0.677s] -- Check for working CXX compiler: /usr/bin/c++ - skipped
[0.677s] -- Detecting CXX compile features
[0.677s] -- Detecting CXX compile features - done
[0.688s] -- Found ament_cmake: 2.5.5 (/opt/ros/jazzy/share/ament_cmake/cmake)
[0.778s] -- Found Python3: /usr/bin/python3 (found version "3.12.3") found components: Interpreter 
[0.895s] -- Configuring done (0.9s)
[0.896s] -- Generating done (0.0s)
[0.898s] -- Build files have been written to: /home/user/my_project/color-follower-ros2/src/build/mobile_world
[0.902s] Invoked command in '/home/user/my_project/color-follower-ros2/src/build/mobile_world' returned '0': CMAKE_PREFIX_PATH=${CMAKE_PREFIX_PATH}:/opt/ros/jazzy DEBUGINFOD_URLS=https://debuginfod.ubuntu.com /usr/bin/cmake /home/user/my_project/color-follower-ros2/src/mobile_world -DCMAKE_INSTALL_PREFIX=/home/user/my_project/color-follower-ros2/src/install/mobile_world
[0.903s] Invoking command in '/home/user/my_project/color-follower-ros2/src/build/mobile_world': CMAKE_PREFIX_PATH=${CMAKE_PREFIX_PATH}:/opt/ros/jazzy DEBUGINFOD_URLS=https://debuginfod.ubuntu.com /usr/bin/cmake --build /home/user/my_project/color-follower-ros2/src/build/mobile_world -- -j24 -l24
[0.930s] Invoked command in '/home/user/my_project/color-follower-ros2/src/build/mobile_world' returned '0': CMAKE_PREFIX_PATH=${CMAKE_PREFIX_PATH}:/opt/ros/jazzy DEBUGINFOD_URLS=https://debuginfod.ubuntu.com /usr/bin/cmake --build /home/user/my_project/color-follower-ros2/src/build/mobile_world -- -j24 -l24
[0.931s] Invoking command in '/home/user/my_project/color-follower-ros2/src/build/mobile_world': CMAKE_PREFIX_PATH=${CMAKE_PREFIX_PATH}:/opt/ros/jazzy DEBUGINFOD_URLS=https://debuginfod.ubuntu.com /usr/bin/cmake --install /home/user/my_project/color-follower-ros2/src/build/mobile_world
[0.938s] -- Install configuration: ""
[0.938s] -- Installing: /home/user/my_project/color-follower-ros2/src/install/mobile_world/share/mobile_world/launch
[0.938s] -- Installing: /home/user/my_project/color-follower-ros2/src/install/mobile_world/share/mobile_world/launch/world.launch.py
[0.938s] -- Installing: /home/user/my_project/color-follower-ros2/src/install/mobile_world/share/mobile_world/worlds
[0.938s] -- Installing: /home/user/my_project/color-follower-ros2/src/install/mobile_world/share/mobile_world/worlds/test_world.sdf
[0.938s] -- Installing: /home/user/my_project/color-follower-ros2/src/install/mobile_world/share/ament_index/resource_index/package_run_dependencies/mobile_world
[0.938s] -- Installing: /home/user/my_project/color-follower-ros2/src/install/mobile_world/share/ament_index/resource_index/parent_prefix_path/mobile_world
[0.938s] -- Installing: /home/user/my_project/color-follower-ros2/src/install/mobile_world/share/mobile_world/environment/ament_prefix_path.sh
[0.939s] -- Installing: /home/user/my_project/color-follower-ros2/src/install/mobile_world/share/mobile_world/environment/ament_prefix_path.dsv
[0.939s] -- Installing: /home/user/my_project/color-follower-ros2/src/install/mobile_world/share/mobile_world/environment/path.sh
[0.939s] -- Installing: /home/user/my_project/color-follower-ros2/src/install/mobile_world/share/mobile_world/environment/path.dsv
[0.939s] -- Installing: /home/user/my_project/color-follower-ros2/src/install/mobile_world/share/mobile_world/local_setup.bash
[0.939s] -- Installing: /home/user/my_project/color-follower-ros2/src/install/mobile_world/share/mobile_world/local_setup.sh
[0.939s] -- Installing: /home/user/my_project/color-follower-ros2/src/install/mobile_world/share/mobile_world/local_setup.zsh
[0.939s] -- Installing: /home/user/my_project/color-follower-ros2/src/install/mobile_world/share/mobile_world/local_setup.dsv
[0.939s] -- Installing: /home/user/my_project/color-follower-ros2/src/install/mobile_world/share/mobile_world/package.dsv
[0.939s] -- Installing: /home/user/my_project/color-follower-ros2/src/install/mobile_world/share/ament_index/resource_index/packages/mobile_world
[0.939s] -- Installing: /home/user/my_project/color-follower-ros2/src/install/mobile_world/share/mobile_world/cmake/mobile_worldConfig.cmake
[0.939s] -- Installing: /home/user/my_project/color-follower-ros2/src/install/mobile_world/share/mobile_world/cmake/mobile_worldConfig-version.cmake
[0.939s] -- Installing: /home/user/my_project/color-follower-ros2/src/install/mobile_world/share/mobile_world/package.xml
[0.957s] Invoked command in '/home/user/my_project/color-follower-ros2/src/build/mobile_world' returned '0': CMAKE_PREFIX_PATH=${CMAKE_PREFIX_PATH}:/opt/ros/jazzy DEBUGINFOD_URLS=https://debuginfod.ubuntu.com /usr/bin/cmake --install /home/user/my_project/color-follower-ros2/src/build/mobile_world
